<?xml version="1.0" encoding="UTF-8"?>
<Site BuildName="(empty)"
	BuildStamp="20240621-0109-Experimental"
	Name="pp-ThinkPad"
	Generator="ctest-3.16.3"
	CompilerName="/usr/bin/c++"
	CompilerVersion="9.4.0"
	OSName="Linux"
	Hostname="pp-ThinkPad"
	OSRelease="5.15.0-67-generic"
	OSVersion="#74~20.04.1-Ubuntu SMP Wed Feb 22 14:52:34 UTC 2023"
	OSPlatform="x86_64"
	Is64Bits="1"
	VendorString="GenuineIntel"
	VendorID="Intel Corporation"
	FamilyID="6"
	ModelID="186"
	ProcessorCacheSize="12288"
	NumberOfLogicalCPU="12"
	NumberOfPhysicalCPU="10"
	TotalVirtualMemory="2047"
	TotalPhysicalMemory="15663"
	LogicalProcessorsPerPhysical="1"
	ProcessorClockFrequency="3680.44"
	>
	<Testing>
		<StartDateTime>Jun 21 21:14 CST</StartDateTime>
		<StartTestTime>1718975682</StartTestTime>
		<TestList/>
		<EndDateTime>Jun 21 21:14 CST</EndDateTime>
		<EndTestTime>1718975682</EndTestTime>
		<ElapsedMinutes>0</ElapsedMinutes>
	</Testing>
</Site>
